Base path: 'C:/Program Files/Unity/Hub/Editor/2019.4.1f1/Editor/Data', plugins path 'C:/Program Files/Unity/Hub/Editor/2019.4.1f1/Editor/Data/PlaybackEngines'
Cmd: initializeCompiler
Cmd: preprocessCompute
  insize=6381 outsize=6383 ok=1
Cmd: preprocessCompute
  insize=5823 outsize=5825 ok=1
Cmd: preprocess
  insize=39715 outsize=633 ok=1
Cmd: preprocessCompute
  insize=1975 outsize=1977 ok=1
Cmd: preprocessCompute
  insize=6347 outsize=6349 ok=1
Cmd: preprocessCompute
  insize=5823 outsize=5825 ok=1
Cmd: preprocess
  insize=39715 outsize=633 ok=1
Cmd: preprocessCompute
  insize=1975 outsize=1977 ok=1
Cmd: preprocessCompute
  insize=6381 outsize=6383 ok=1
Cmd: preprocessCompute
  insize=5823 outsize=5825 ok=1
Cmd: preprocess
  insize=39715 outsize=633 ok=1
Cmd: preprocessCompute
  insize=1975 outsize=1977 ok=1
Cmd: compileSnippet
  api=4 type=0 insize=5525 outsize=626 kw= pd=UNITY_ENABLE_REFLECTION_BUFFERS UNITY_USE_DITHER_MASK_FOR_ALPHABLENDED_SHADOWS UNITY_PBS_USE_BRDF1 UNITY_SPECCUBE_BOX_PROJECTION UNITY_SPECCUBE_BLENDING UNITY_ENABLE_DETAIL_NORMALMAP SHADER_API_DESKTOP UNITY_LIGHT_PROBE_PROXY_VOLUME UNITY_LIGHTMAP_FULL_HDR ok=1
Cmd: compileSnippet
  api=4 type=1 insize=5525 outsize=922 kw= pd=UNITY_ENABLE_REFLECTION_BUFFERS UNITY_USE_DITHER_MASK_FOR_ALPHABLENDED_SHADOWS UNITY_PBS_USE_BRDF1 UNITY_SPECCUBE_BOX_PROJECTION UNITY_SPECCUBE_BLENDING UNITY_ENABLE_DETAIL_NORMALMAP SHADER_API_DESKTOP UNITY_LIGHT_PROBE_PROXY_VOLUME UNITY_LIGHTMAP_FULL_HDR ok=1
Cmd: compileSnippet
  api=4 type=4 insize=5525 outsize=1586 kw= pd=UNITY_ENABLE_REFLECTION_BUFFERS UNITY_USE_DITHER_MASK_FOR_ALPHABLENDED_SHADOWS UNITY_PBS_USE_BRDF1 UNITY_SPECCUBE_BOX_PROJECTION UNITY_SPECCUBE_BLENDING UNITY_ENABLE_DETAIL_NORMALMAP SHADER_API_DESKTOP UNITY_LIGHT_PROBE_PROXY_VOLUME UNITY_LIGHTMAP_FULL_HDR ok=1
Cmd: preprocessCompute
  insize=6381 outsize=6383 ok=1
Cmd: preprocessCompute
  insize=5823 outsize=5825 ok=1
Cmd: preprocess
  insize=39715 outsize=633 ok=1
Cmd: preprocessCompute
  insize=1975 outsize=1977 ok=1
Cmd: preprocessCompute
  insize=6381 outsize=6383 ok=1
Cmd: preprocessCompute
  insize=5823 outsize=5825 ok=1
Cmd: preprocess
  insize=39715 outsize=633 ok=1
Cmd: preprocessCompute
  insize=1975 outsize=1977 ok=1
Cmd: preprocessCompute
  insize=6347 outsize=6349 ok=1
Cmd: preprocessCompute
  insize=5823 outsize=5825 ok=1
Cmd: preprocess
  insize=39715 outsize=633 ok=1
Cmd: preprocessCompute
  insize=1975 outsize=1977 ok=1
Cmd: preprocessCompute
  insize=7547 outsize=7549 ok=1
Cmd: compileComputeKernel
  api=4 insize=7549 outsize=2702 ok=1
Cmd: preprocessCompute
  insize=9275 outsize=9277 ok=1
Cmd: compileComputeKernel
  api=4 insize=9277 outsize=8548 ok=1
Cmd: preprocessCompute
  insize=6671 outsize=6673 ok=1
Cmd: compileComputeKernel
  error: 1 plat 4 at Explosion.vfx(107): use of potentially uninitialized variable (GetParticleIndex)
  api=4 insize=6673 outsize=1989 ok=1
Cmd: preprocessCompute
  insize=7405 outsize=7407 ok=1
Cmd: compileComputeKernel
  api=4 insize=7407 outsize=7885 ok=1
Cmd: preprocess
  insize=36625 outsize=626 ok=1
Cmd: preprocessCompute
  insize=6347 outsize=6349 ok=1
Cmd: preprocessCompute
  insize=5823 outsize=5825 ok=1
Cmd: preprocess
  insize=39715 outsize=633 ok=1
Cmd: preprocessCompute
  insize=1975 outsize=1977 ok=1
Cmd: preprocessCompute
  insize=6541 outsize=6543 ok=1
Cmd: compileComputeKernel
  api=4 insize=6543 outsize=2179 ok=1
Cmd: preprocessCompute
  insize=7319 outsize=7321 ok=1
Cmd: compileComputeKernel
  api=4 insize=7321 outsize=1942 ok=1
Cmd: preprocessCompute
  insize=7698 outsize=7700 ok=1
Cmd: compileComputeKernel
  api=4 insize=7700 outsize=2970 ok=1
Cmd: preprocessCompute
  insize=7299 outsize=7301 ok=1
Cmd: compileComputeKernel
  api=4 insize=7301 outsize=5109 ok=1
Cmd: preprocess
  insize=40430 outsize=620 ok=1
Cmd: preprocessCompute
  insize=7112 outsize=7114 ok=1
Cmd: compileComputeKernel
  api=4 insize=7114 outsize=2490 ok=1
Cmd: preprocessCompute
  insize=7301 outsize=7303 ok=1
Cmd: compileComputeKernel
  api=4 insize=7303 outsize=7589 ok=1
Cmd: preprocess
  insize=40430 outsize=620 ok=1
Cmd: preprocessCompute
  insize=7162 outsize=7164 ok=1
Cmd: compileComputeKernel
  api=4 insize=7164 outsize=2412 ok=1
Cmd: preprocessCompute
  insize=7301 outsize=7303 ok=1
Cmd: preprocess
  insize=40430 outsize=620 ok=1
Cmd: preprocessCompute
  insize=7112 outsize=7114 ok=1
Cmd: preprocessCompute
  insize=7301 outsize=7303 ok=1
Cmd: preprocess
  insize=40430 outsize=620 ok=1
Cmd: preprocessCompute
  insize=7115 outsize=7117 ok=1
Cmd: compileComputeKernel
  api=4 insize=7117 outsize=2670 ok=1
Cmd: preprocessCompute
  insize=7301 outsize=7303 ok=1
Cmd: preprocess
  insize=40430 outsize=620 ok=1
Cmd: preprocessCompute
  insize=7115 outsize=7117 ok=1
Cmd: preprocessCompute
  insize=7301 outsize=7303 ok=1
Cmd: preprocess
  insize=40430 outsize=620 ok=1
Cmd: preprocessCompute
  insize=7115 outsize=7117 ok=1
Cmd: preprocessCompute
  insize=7301 outsize=7303 ok=1
Cmd: preprocess
  insize=40430 outsize=620 ok=1
Cmd: preprocessCompute
  insize=7115 outsize=7117 ok=1
Cmd: preprocessCompute
  insize=7301 outsize=7303 ok=1
Cmd: preprocess
  insize=40430 outsize=620 ok=1
Cmd: preprocessCompute
  insize=7115 outsize=7117 ok=1
Cmd: preprocessCompute
  insize=7301 outsize=7303 ok=1
Cmd: preprocess
  insize=40430 outsize=620 ok=1
Cmd: preprocessCompute
  insize=7115 outsize=7117 ok=1
Cmd: preprocessCompute
  insize=7301 outsize=7303 ok=1
Cmd: preprocess
  insize=40430 outsize=620 ok=1
Cmd: preprocessCompute
  insize=7115 outsize=7117 ok=1
Cmd: preprocessCompute
  insize=7301 outsize=7303 ok=1
Cmd: preprocess
  insize=40430 outsize=620 ok=1
Cmd: preprocessCompute
  insize=7115 outsize=7117 ok=1
Cmd: preprocessCompute
  insize=7301 outsize=7303 ok=1
Cmd: preprocess
  insize=40430 outsize=620 ok=1
Cmd: preprocessCompute
  insize=7115 outsize=7117 ok=1
Cmd: preprocessCompute
  insize=7301 outsize=7303 ok=1
Cmd: preprocess
  insize=40430 outsize=620 ok=1
Cmd: preprocessCompute
  insize=7112 outsize=7114 ok=1
Cmd: preprocessCompute
  insize=7301 outsize=7303 ok=1
Cmd: preprocess
  insize=40430 outsize=620 ok=1
Cmd: preprocessCompute
  insize=7112 outsize=7114 ok=1
Cmd: preprocessCompute
  insize=7301 outsize=7303 ok=1
Cmd: preprocess
  insize=40430 outsize=620 ok=1
Cmd: preprocessCompute
  insize=7112 outsize=7114 ok=1
Cmd: preprocessCompute
  insize=7301 outsize=7303 ok=1
Cmd: preprocess
  insize=40430 outsize=620 ok=1
Cmd: preprocessCompute
  insize=7112 outsize=7114 ok=1
Cmd: preprocessCompute
  insize=7301 outsize=7303 ok=1
Cmd: preprocess
  insize=40430 outsize=620 ok=1
Cmd: preprocessCompute
  insize=7112 outsize=7114 ok=1
Cmd: preprocessCompute
  insize=7301 outsize=7303 ok=1
Cmd: preprocess
  insize=40430 outsize=620 ok=1
Cmd: preprocessCompute
  insize=7112 outsize=7114 ok=1
Cmd: preprocessCompute
  insize=7301 outsize=7303 ok=1
Cmd: preprocess
  insize=40430 outsize=620 ok=1
Cmd: preprocessCompute
  insize=7112 outsize=7114 ok=1
Cmd: preprocessCompute
  insize=7301 outsize=7303 ok=1
Cmd: preprocess
  insize=40430 outsize=620 ok=1
Cmd: preprocessCompute
  insize=7112 outsize=7114 ok=1
Cmd: preprocessCompute
  insize=7301 outsize=7303 ok=1
Cmd: preprocess
  insize=40430 outsize=620 ok=1
Cmd: preprocessCompute
  insize=8284 outsize=8286 ok=1
Cmd: compileComputeKernel
  api=4 insize=8286 outsize=2920 ok=1
Cmd: preprocessCompute
  insize=7301 outsize=7303 ok=1
Cmd: preprocess
  insize=40430 outsize=620 ok=1
Cmd: preprocessCompute
  insize=8284 outsize=8286 ok=1
Cmd: compileComputeKernel
  api=4 insize=8286 outsize=2956 ok=1
Cmd: preprocessCompute
  insize=7301 outsize=7303 ok=1
Cmd: preprocess
  insize=40430 outsize=620 ok=1
Cmd: preprocessCompute
  insize=7318 outsize=7320 ok=1
Cmd: compileComputeKernel
  api=4 insize=7320 outsize=2267 ok=1
Cmd: preprocessCompute
  insize=7301 outsize=7303 ok=1
Cmd: preprocess
  insize=40430 outsize=620 ok=1
Cmd: preprocessCompute
  insize=7318 outsize=7320 ok=1
Cmd: preprocessCompute
  insize=7301 outsize=7303 ok=1
Cmd: preprocess
  insize=40430 outsize=620 ok=1
Cmd: preprocessCompute
  insize=7318 outsize=7320 ok=1
Cmd: preprocessCompute
  insize=7301 outsize=7303 ok=1
Cmd: preprocess
  insize=40430 outsize=620 ok=1
Cmd: preprocessCompute
  insize=7318 outsize=7320 ok=1
Cmd: preprocessCompute
  insize=7301 outsize=7303 ok=1
Cmd: preprocess
  insize=40430 outsize=620 ok=1
Cmd: preprocessCompute
  insize=7318 outsize=7320 ok=1
Cmd: preprocessCompute
  insize=7301 outsize=7303 ok=1
Cmd: preprocess
  insize=40430 outsize=620 ok=1
Cmd: preprocessCompute
  insize=6347 outsize=6349 ok=1
Cmd: preprocessCompute
  insize=5823 outsize=5825 ok=1
Cmd: preprocess
  insize=39715 outsize=633 ok=1
Cmd: preprocessCompute
  insize=1975 outsize=1977 ok=1
Cmd: preprocessCompute
  insize=7318 outsize=7320 ok=1
Cmd: preprocessCompute
  insize=7301 outsize=7303 ok=1
Cmd: preprocess
  insize=40430 outsize=620 ok=1
Cmd: preprocessCompute
  insize=6347 outsize=6349 ok=1
Cmd: preprocessCompute
  insize=5823 outsize=5825 ok=1
Cmd: preprocess
  insize=39715 outsize=633 ok=1
Cmd: preprocessCompute
  insize=1975 outsize=1977 ok=1
Cmd: preprocessCompute
  insize=7318 outsize=7320 ok=1
Cmd: preprocessCompute
  insize=7301 outsize=7303 ok=1
Cmd: preprocess
  insize=40430 outsize=620 ok=1
Cmd: preprocessCompute
  insize=6347 outsize=6349 ok=1
Cmd: preprocessCompute
  insize=5823 outsize=5825 ok=1
Cmd: preprocess
  insize=39715 outsize=633 ok=1
Cmd: preprocessCompute
  insize=1975 outsize=1977 ok=1
Cmd: preprocessCompute
  insize=7318 outsize=7320 ok=1
Cmd: preprocessCompute
  insize=7301 outsize=7303 ok=1
Cmd: preprocess
  insize=40430 outsize=620 ok=1
Cmd: preprocessCompute
  insize=6357 outsize=6359 ok=1
Cmd: compileComputeKernel
  api=4 insize=6359 outsize=2207 ok=1
Cmd: preprocessCompute
  insize=5857 outsize=5859 ok=1
Cmd: compileComputeKernel
  api=4 insize=5859 outsize=1508 ok=1
Cmd: preprocess
  insize=39761 outsize=633 ok=1
Cmd: preprocessCompute
  insize=1978 outsize=1980 ok=1
Cmd: compileComputeKernel
  api=4 insize=1980 outsize=1398 ok=1
Cmd: preprocessCompute
  insize=7318 outsize=7320 ok=1
Cmd: preprocessCompute
  insize=7301 outsize=7303 ok=1
Cmd: preprocess
  insize=40430 outsize=620 ok=1
Cmd: preprocessCompute
  insize=6646 outsize=6648 ok=1
Cmd: compileComputeKernel
  api=4 insize=6648 outsize=2273 ok=1
Cmd: preprocessCompute
  insize=5857 outsize=5859 ok=1
Cmd: preprocess
  insize=39761 outsize=633 ok=1
Cmd: preprocessCompute
  insize=1978 outsize=1980 ok=1
Cmd: preprocessCompute
  insize=7318 outsize=7320 ok=1
Cmd: preprocessCompute
  insize=7301 outsize=7303 ok=1
Cmd: preprocess
  insize=40430 outsize=620 ok=1
Cmd: preprocessCompute
  insize=6646 outsize=6648 ok=1
Cmd: compileComputeKernel
  api=4 insize=6648 outsize=2247 ok=1
Cmd: preprocessCompute
  insize=5857 outsize=5859 ok=1
Cmd: preprocess
  insize=39761 outsize=633 ok=1
Cmd: preprocessCompute
  insize=1978 outsize=1980 ok=1
Cmd: preprocessCompute
  insize=7318 outsize=7320 ok=1
Cmd: preprocessCompute
  insize=7301 outsize=7303 ok=1
Cmd: preprocess
  insize=40430 outsize=620 ok=1
Cmd: preprocessCompute
  insize=6302 outsize=6304 ok=1
Cmd: compileComputeKernel
  api=4 insize=6304 outsize=1791 ok=1
Cmd: preprocessCompute
  insize=5857 outsize=5859 ok=1
Cmd: preprocess
  insize=39761 outsize=633 ok=1
Cmd: preprocessCompute
  insize=1978 outsize=1980 ok=1
Cmd: preprocessCompute
  insize=7318 outsize=7320 ok=1
Cmd: preprocessCompute
  insize=7301 outsize=7303 ok=1
Cmd: preprocess
  insize=40430 outsize=620 ok=1
Cmd: preprocessCompute
  insize=6302 outsize=6304 ok=1
Cmd: preprocessCompute
  insize=5857 outsize=5859 ok=1
Cmd: preprocess
  insize=39761 outsize=633 ok=1
Cmd: preprocessCompute
  insize=1978 outsize=1980 ok=1
Cmd: preprocessCompute
  insize=7318 outsize=7320 ok=1
Cmd: preprocessCompute
  insize=7301 outsize=7303 ok=1
Cmd: preprocess
  insize=40430 outsize=620 ok=1
Cmd: preprocessCompute
  insize=6302 outsize=6304 ok=1
Cmd: preprocessCompute
  insize=5857 outsize=5859 ok=1
Cmd: preprocess
  insize=39761 outsize=633 ok=1
Cmd: preprocessCompute
  insize=1978 outsize=1980 ok=1
Cmd: preprocessCompute
  insize=7318 outsize=7320 ok=1
Cmd: preprocessCompute
  insize=7301 outsize=7303 ok=1
Cmd: preprocess
  insize=40430 outsize=620 ok=1
Cmd: preprocessCompute
  insize=6302 outsize=6304 ok=1
Cmd: preprocessCompute
  insize=5857 outsize=5859 ok=1
Cmd: preprocess
  insize=39761 outsize=633 ok=1
Cmd: preprocessCompute
  insize=1978 outsize=1980 ok=1
Cmd: preprocessCompute
  insize=7318 outsize=7320 ok=1
Cmd: preprocessCompute
  insize=7301 outsize=7303 ok=1
Cmd: preprocess
  insize=40430 outsize=620 ok=1
Cmd: preprocessCompute
  insize=6555 outsize=6557 ok=1
Cmd: compileComputeKernel
  api=4 insize=6557 outsize=1791 ok=1
Cmd: preprocessCompute
  insize=5857 outsize=5859 ok=1
Cmd: preprocess
  insize=39761 outsize=633 ok=1
Cmd: preprocessCompute
  insize=1978 outsize=1980 ok=1
Cmd: preprocessCompute
  insize=7318 outsize=7320 ok=1
Cmd: preprocessCompute
  insize=7301 outsize=7303 ok=1
Cmd: preprocess
  insize=40430 outsize=620 ok=1
Cmd: preprocessCompute
  insize=6555 outsize=6557 ok=1
Cmd: compileComputeKernel
  api=4 insize=6557 outsize=1857 ok=1
Cmd: preprocessCompute
  insize=5857 outsize=5859 ok=1
Cmd: preprocess
  insize=39761 outsize=633 ok=1
Cmd: preprocessCompute
  insize=1978 outsize=1980 ok=1
Cmd: preprocessCompute
  insize=7318 outsize=7320 ok=1
Cmd: preprocessCompute
  insize=7301 outsize=7303 ok=1
Cmd: preprocess
  insize=40430 outsize=620 ok=1
Cmd: preprocessCompute
  insize=6307 outsize=6309 ok=1
Cmd: compileComputeKernel
  api=4 insize=6309 outsize=1791 ok=1
Cmd: preprocessCompute
  insize=5857 outsize=5859 ok=1
Cmd: preprocess
  insize=39761 outsize=633 ok=1
Cmd: preprocessCompute
  insize=1978 outsize=1980 ok=1
Cmd: preprocessCompute
  insize=7318 outsize=7320 ok=1
Cmd: preprocessCompute
  insize=7301 outsize=7303 ok=1
Cmd: preprocess
  insize=40430 outsize=620 ok=1
Cmd: preprocessCompute
  insize=6307 outsize=6309 ok=1
Cmd: preprocessCompute
  insize=5857 outsize=5859 ok=1
Cmd: preprocess
  insize=39761 outsize=633 ok=1
Cmd: preprocessCompute
  insize=1978 outsize=1980 ok=1
Cmd: preprocessCompute
  insize=7318 outsize=7320 ok=1
Cmd: preprocessCompute
  insize=7301 outsize=7303 ok=1
Cmd: preprocess
  insize=40430 outsize=620 ok=1
Cmd: preprocessCompute
  insize=6307 outsize=6309 ok=1
Cmd: preprocessCompute
  insize=5857 outsize=5859 ok=1
Cmd: preprocess
  insize=39761 outsize=633 ok=1
Cmd: preprocessCompute
  insize=1978 outsize=1980 ok=1
Cmd: preprocessCompute
  insize=7318 outsize=7320 ok=1
Cmd: preprocessCompute
  insize=7301 outsize=7303 ok=1
Cmd: preprocess
  insize=40430 outsize=620 ok=1
Cmd: preprocessCompute
  insize=6307 outsize=6309 ok=1
Cmd: preprocessCompute
  insize=5857 outsize=5859 ok=1
Cmd: preprocess
  insize=39761 outsize=633 ok=1
Cmd: preprocessCompute
  insize=1978 outsize=1980 ok=1
Cmd: preprocessCompute
  insize=7318 outsize=7320 ok=1
Cmd: preprocessCompute
  insize=7301 outsize=7303 ok=1
Cmd: preprocess
  insize=40430 outsize=620 ok=1
Cmd: preprocessCompute
  insize=6307 outsize=6309 ok=1
Cmd: preprocessCompute
  insize=5857 outsize=5859 ok=1
Cmd: preprocess
  insize=39761 outsize=633 ok=1
Cmd: preprocessCompute
  insize=1978 outsize=1980 ok=1
Cmd: preprocessCompute
  insize=7318 outsize=7320 ok=1
Cmd: preprocessCompute
  insize=7301 outsize=7303 ok=1
Cmd: preprocess
  insize=40430 outsize=620 ok=1
Cmd: preprocessCompute
  insize=6307 outsize=6309 ok=1
Cmd: preprocessCompute
  insize=5857 outsize=5859 ok=1
Cmd: preprocess
  insize=39761 outsize=633 ok=1
Cmd: preprocessCompute
  insize=1978 outsize=1980 ok=1
Cmd: preprocessCompute
  insize=7318 outsize=7320 ok=1
Cmd: preprocessCompute
  insize=7301 outsize=7303 ok=1
Cmd: preprocess
  insize=40430 outsize=620 ok=1
Cmd: preprocessCompute
  insize=6307 outsize=6309 ok=1
Cmd: preprocessCompute
  insize=5857 outsize=5859 ok=1
Cmd: preprocess
  insize=39761 outsize=633 ok=1
Cmd: preprocessCompute
  insize=1978 outsize=1980 ok=1
Cmd: preprocessCompute
  insize=7318 outsize=7320 ok=1
Cmd: preprocessCompute
  insize=7301 outsize=7303 ok=1
Cmd: preprocess
  insize=40430 outsize=620 ok=1
Cmd: preprocessCompute
  insize=6307 outsize=6309 ok=1
Cmd: preprocessCompute
  insize=5857 outsize=5859 ok=1
Cmd: preprocess
  insize=39761 outsize=633 ok=1
Cmd: preprocessCompute
  insize=1978 outsize=1980 ok=1
Cmd: preprocessCompute
  insize=7318 outsize=7320 ok=1
Cmd: preprocessCompute
  insize=7301 outsize=7303 ok=1
Cmd: preprocess
  insize=40430 outsize=620 ok=1
Cmd: preprocessCompute
  insize=7605 outsize=7607 ok=1
Cmd: compileComputeKernel
  api=4 insize=7607 outsize=2181 ok=1
Cmd: preprocessCompute
  insize=5857 outsize=5859 ok=1
Cmd: preprocess
  insize=39761 outsize=633 ok=1
Cmd: preprocessCompute
  insize=1978 outsize=1980 ok=1
Cmd: preprocessCompute
  insize=7318 outsize=7320 ok=1
Cmd: preprocessCompute
  insize=7301 outsize=7303 ok=1
Cmd: preprocess
  insize=40430 outsize=620 ok=1
Cmd: preprocessCompute
  insize=7605 outsize=7607 ok=1
Cmd: preprocessCompute
  insize=5857 outsize=5859 ok=1
Cmd: preprocess
  insize=39761 outsize=633 ok=1
Cmd: preprocessCompute
  insize=1978 outsize=1980 ok=1
Cmd: preprocessCompute
  insize=7318 outsize=7320 ok=1
Cmd: preprocessCompute
  insize=7301 outsize=7303 ok=1
Cmd: preprocess
  insize=40430 outsize=620 ok=1
Cmd: preprocessCompute
  insize=7605 outsize=7607 ok=1
Cmd: preprocessCompute
  insize=5857 outsize=5859 ok=1
Cmd: preprocess
  insize=39761 outsize=633 ok=1
Cmd: preprocessCompute
  insize=1978 outsize=1980 ok=1
Cmd: preprocessCompute
  insize=7318 outsize=7320 ok=1
Cmd: preprocessCompute
  insize=7301 outsize=7303 ok=1
Cmd: preprocess
  insize=40430 outsize=620 ok=1
Cmd: preprocessCompute
  insize=7605 outsize=7607 ok=1
Cmd: preprocessCompute
  insize=5857 outsize=5859 ok=1
Cmd: preprocess
  insize=39761 outsize=633 ok=1
Cmd: preprocessCompute
  insize=1978 outsize=1980 ok=1
Cmd: preprocessCompute
  insize=7318 outsize=7320 ok=1
Cmd: preprocessCompute
  insize=7301 outsize=7303 ok=1
Cmd: preprocess
  insize=40430 outsize=620 ok=1
Cmd: preprocessCompute
  insize=7605 outsize=7607 ok=1
Cmd: preprocessCompute
  insize=7379 outsize=7381 ok=1
Cmd: compileComputeKernel
  api=4 insize=7381 outsize=5295 ok=1
Cmd: preprocess
  insize=39761 outsize=633 ok=1
Cmd: preprocessCompute
  insize=1978 outsize=1980 ok=1
Cmd: preprocessCompute
  insize=7318 outsize=7320 ok=1
Cmd: preprocessCompute
  insize=7301 outsize=7303 ok=1
Cmd: preprocess
  insize=40430 outsize=620 ok=1
Cmd: preprocessCompute
  insize=7605 outsize=7607 ok=1
Cmd: preprocessCompute
  insize=7381 outsize=7383 ok=1
Cmd: compileComputeKernel
  api=4 insize=7383 outsize=7775 ok=1
Cmd: preprocess
  insize=39761 outsize=633 ok=1
Cmd: preprocessCompute
  insize=1978 outsize=1980 ok=1
Cmd: preprocessCompute
  insize=7318 outsize=7320 ok=1
Cmd: preprocessCompute
  insize=7301 outsize=7303 ok=1
Cmd: preprocess
  insize=40430 outsize=620 ok=1
Cmd: preprocessCompute
  insize=7605 outsize=7607 ok=1
Cmd: preprocessCompute
  insize=7381 outsize=7383 ok=1
Cmd: preprocess
  insize=39761 outsize=633 ok=1
Cmd: preprocessCompute
  insize=1978 outsize=1980 ok=1
Cmd: preprocessCompute
  insize=7318 outsize=7320 ok=1
Cmd: preprocessCompute
  insize=7301 outsize=7303 ok=1
Cmd: preprocess
  insize=40430 outsize=620 ok=1
Cmd: preprocessCompute
  insize=8590 outsize=8592 ok=1
Cmd: compileComputeKernel
  api=4 insize=8592 outsize=2870 ok=1
Cmd: preprocessCompute
  insize=7381 outsize=7383 ok=1
Cmd: preprocess
  insize=39761 outsize=633 ok=1
Cmd: preprocessCompute
  insize=1978 outsize=1980 ok=1
Cmd: preprocessCompute
  insize=7318 outsize=7320 ok=1
Cmd: preprocessCompute
  insize=7301 outsize=7303 ok=1
Cmd: preprocess
  insize=40430 outsize=620 ok=1
Cmd: preprocessCompute
  insize=7399 outsize=7401 ok=1
Cmd: compileComputeKernel
  api=4 insize=7401 outsize=2404 ok=1
Cmd: preprocessCompute
  insize=7381 outsize=7383 ok=1
Cmd: preprocess
  insize=39761 outsize=633 ok=1
Cmd: preprocessCompute
  insize=1978 outsize=1980 ok=1
Cmd: preprocessCompute
  insize=7318 outsize=7320 ok=1
Cmd: preprocessCompute
  insize=7301 outsize=7303 ok=1
Cmd: preprocess
  insize=40430 outsize=620 ok=1
Cmd: preprocessCompute
  insize=7399 outsize=7401 ok=1
Cmd: preprocessCompute
  insize=7381 outsize=7383 ok=1
Cmd: preprocess
  insize=39761 outsize=633 ok=1
Cmd: preprocessCompute
  insize=1978 outsize=1980 ok=1
Cmd: preprocessCompute
  insize=7318 outsize=7320 ok=1
Cmd: preprocessCompute
  insize=7301 outsize=7303 ok=1
Cmd: preprocess
  insize=40430 outsize=620 ok=1
Cmd: preprocessCompute
  insize=7391 outsize=7393 ok=1
Cmd: compileComputeKernel
  api=4 insize=7393 outsize=2476 ok=1
Cmd: preprocessCompute
  insize=7349 outsize=7351 ok=1
Cmd: compileComputeKernel
  api=4 insize=7351 outsize=7723 ok=1
Cmd: preprocess
  insize=39913 outsize=631 ok=1
Cmd: preprocessCompute
  insize=1978 outsize=1980 ok=1
Cmd: compileComputeKernel
  api=4 insize=1980 outsize=1398 ok=1
Cmd: preprocessCompute
  insize=7318 outsize=7320 ok=1
Cmd: preprocessCompute
  insize=7301 outsize=7303 ok=1
Cmd: preprocess
  insize=40430 outsize=620 ok=1
Cmd: preprocessCompute
  insize=7391 outsize=7393 ok=1
Cmd: preprocessCompute
  insize=7349 outsize=7351 ok=1
Cmd: preprocess
  insize=39913 outsize=631 ok=1
Cmd: preprocessCompute
  insize=1978 outsize=1980 ok=1
Cmd: preprocessCompute
  insize=7318 outsize=7320 ok=1
Cmd: preprocessCompute
  insize=7301 outsize=7303 ok=1
Cmd: preprocess
  insize=40430 outsize=620 ok=1
Cmd: preprocessCompute
  insize=7391 outsize=7393 ok=1
Cmd: preprocessCompute
  insize=7349 outsize=7351 ok=1
Cmd: preprocess
  insize=39913 outsize=631 ok=1
Cmd: preprocessCompute
  insize=1978 outsize=1980 ok=1
Cmd: preprocessCompute
  insize=7318 outsize=7320 ok=1
Cmd: preprocessCompute
  insize=7301 outsize=7303 ok=1
Cmd: preprocess
  insize=40430 outsize=620 ok=1
Cmd: preprocessCompute
  insize=7391 outsize=7393 ok=1
Cmd: preprocessCompute
  insize=7349 outsize=7351 ok=1
Cmd: preprocess
  insize=39913 outsize=631 ok=1
Cmd: preprocessCompute
  insize=1978 outsize=1980 ok=1
Cmd: preprocessCompute
  insize=7318 outsize=7320 ok=1
Cmd: preprocessCompute
  insize=7301 outsize=7303 ok=1
Cmd: preprocess
  insize=40430 outsize=620 ok=1
Cmd: preprocessCompute
  insize=7391 outsize=7393 ok=1
Cmd: preprocessCompute
  insize=7349 outsize=7351 ok=1
Cmd: preprocess
  insize=39913 outsize=631 ok=1
Cmd: preprocessCompute
  insize=1978 outsize=1980 ok=1
Cmd: preprocessCompute
  insize=7318 outsize=7320 ok=1
Cmd: preprocessCompute
  insize=7301 outsize=7303 ok=1
Cmd: preprocess
  insize=40430 outsize=620 ok=1
Cmd: preprocessCompute
  insize=7391 outsize=7393 ok=1
Cmd: preprocessCompute
  insize=7349 outsize=7351 ok=1
Cmd: preprocess
  insize=39913 outsize=631 ok=1
Cmd: preprocessCompute
  insize=1978 outsize=1980 ok=1
Cmd: preprocessCompute
  insize=7318 outsize=7320 ok=1
Cmd: preprocessCompute
  insize=7301 outsize=7303 ok=1
Cmd: preprocess
  insize=40430 outsize=620 ok=1
Cmd: preprocessCompute
  insize=7391 outsize=7393 ok=1
Cmd: preprocessCompute
  insize=7349 outsize=7351 ok=1
Cmd: preprocess
  insize=39913 outsize=631 ok=1
Cmd: preprocessCompute
  insize=1978 outsize=1980 ok=1
Cmd: preprocessCompute
  insize=7318 outsize=7320 ok=1
Cmd: preprocessCompute
  insize=7301 outsize=7303 ok=1
Cmd: preprocess
  insize=40430 outsize=620 ok=1
Cmd: preprocessCompute
  insize=7391 outsize=7393 ok=1
Cmd: preprocessCompute
  insize=7349 outsize=7351 ok=1
Cmd: preprocess
  insize=39913 outsize=631 ok=1
Cmd: preprocessCompute
  insize=1978 outsize=1980 ok=1
Cmd: preprocessCompute
  insize=7318 outsize=7320 ok=1
Cmd: preprocessCompute
  insize=7301 outsize=7303 ok=1
Cmd: preprocess
  insize=40430 outsize=620 ok=1
Cmd: preprocessCompute
  insize=7394 outsize=7396 ok=1
Cmd: preprocessCompute
  insize=7349 outsize=7351 ok=1
Cmd: preprocess
  insize=39913 outsize=631 ok=1
Cmd: preprocessCompute
  insize=1978 outsize=1980 ok=1
Cmd: preprocessCompute
  insize=7318 outsize=7320 ok=1
Cmd: preprocessCompute
  insize=7301 outsize=7303 ok=1
Cmd: preprocess
  insize=40430 outsize=620 ok=1
Cmd: preprocessCompute
  insize=7394 outsize=7396 ok=1
Cmd: preprocessCompute
  insize=7349 outsize=7351 ok=1
Cmd: preprocess
  insize=39913 outsize=631 ok=1
Cmd: preprocessCompute
  insize=1978 outsize=1980 ok=1
Cmd: preprocessCompute
  insize=7318 outsize=7320 ok=1
Cmd: preprocessCompute
  insize=7301 outsize=7303 ok=1
Cmd: preprocess
  insize=40430 outsize=620 ok=1
Cmd: preprocessCompute
  insize=7394 outsize=7396 ok=1
Cmd: preprocessCompute
  insize=7349 outsize=7351 ok=1
Cmd: preprocess
  insize=39913 outsize=631 ok=1
Cmd: preprocessCompute
  insize=1978 outsize=1980 ok=1
Cmd: preprocessCompute
  insize=7318 outsize=7320 ok=1
Cmd: preprocessCompute
  insize=7301 outsize=7303 ok=1
Cmd: preprocess
  insize=40430 outsize=620 ok=1
Cmd: preprocessCompute
  insize=7394 outsize=7396 ok=1
Cmd: preprocessCompute
  insize=7349 outsize=7351 ok=1
Cmd: preprocess
  insize=39913 outsize=631 ok=1
Cmd: preprocessCompute
  insize=1978 outsize=1980 ok=1
Cmd: preprocessCompute
  insize=7318 outsize=7320 ok=1
Cmd: preprocessCompute
  insize=7301 outsize=7303 ok=1
Cmd: preprocess
  insize=40430 outsize=620 ok=1
Cmd: preprocessCompute
  insize=7394 outsize=7396 ok=1
Cmd: preprocessCompute
  insize=7349 outsize=7351 ok=1
Cmd: preprocess
  insize=39913 outsize=631 ok=1
Cmd: preprocessCompute
  insize=1978 outsize=1980 ok=1
Cmd: preprocessCompute
  insize=7318 outsize=7320 ok=1
Cmd: preprocessCompute
  insize=7301 outsize=7303 ok=1
Cmd: preprocess
  insize=40430 outsize=620 ok=1
Cmd: preprocessCompute
  insize=7394 outsize=7396 ok=1
Cmd: preprocessCompute
  insize=7349 outsize=7351 ok=1
Cmd: preprocess
  insize=39913 outsize=631 ok=1
Cmd: preprocessCompute
  insize=1978 outsize=1980 ok=1
Cmd: preprocessCompute
  insize=7318 outsize=7320 ok=1
Cmd: preprocessCompute
  insize=7301 outsize=7303 ok=1
Cmd: preprocess
  insize=40430 outsize=620 ok=1
Cmd: preprocessCompute
  insize=7394 outsize=7396 ok=1
Cmd: preprocessCompute
  insize=7349 outsize=7351 ok=1
Cmd: preprocess
  insize=39913 outsize=631 ok=1
Cmd: preprocessCompute
  insize=1978 outsize=1980 ok=1
Cmd: preprocessCompute
  insize=7318 outsize=7320 ok=1
Cmd: preprocessCompute
  insize=7301 outsize=7303 ok=1
Cmd: preprocess
  insize=40430 outsize=620 ok=1
Cmd: preprocessCompute
  insize=7394 outsize=7396 ok=1
Cmd: preprocessCompute
  insize=7349 outsize=7351 ok=1
Cmd: preprocess
  insize=39913 outsize=631 ok=1
Cmd: preprocessCompute
  insize=1978 outsize=1980 ok=1
Cmd: preprocessCompute
  insize=7318 outsize=7320 ok=1
Cmd: preprocessCompute
  insize=7301 outsize=7303 ok=1
Cmd: preprocess
  insize=40430 outsize=620 ok=1
Cmd: preprocessCompute
  insize=7394 outsize=7396 ok=1
Cmd: preprocessCompute
  insize=7349 outsize=7351 ok=1
Cmd: preprocess
  insize=39913 outsize=631 ok=1
Cmd: preprocessCompute
  insize=1978 outsize=1980 ok=1
Cmd: preprocessCompute
  insize=7318 outsize=7320 ok=1
Cmd: preprocessCompute
  insize=7301 outsize=7303 ok=1
Cmd: preprocess
  insize=40430 outsize=620 ok=1
Cmd: preprocessCompute
  insize=7394 outsize=7396 ok=1
Cmd: preprocessCompute
  insize=7349 outsize=7351 ok=1
Cmd: preprocess
  insize=39913 outsize=631 ok=1
Cmd: preprocessCompute
  insize=1978 outsize=1980 ok=1
Cmd: preprocessCompute
  insize=7318 outsize=7320 ok=1
Cmd: preprocessCompute
  insize=7301 outsize=7303 ok=1
Cmd: preprocess
  insize=40430 outsize=620 ok=1
Cmd: preprocessCompute
  insize=7394 outsize=7396 ok=1
Cmd: preprocessCompute
  insize=7349 outsize=7351 ok=1
Cmd: preprocess
  insize=39913 outsize=631 ok=1
Cmd: preprocessCompute
  insize=1978 outsize=1980 ok=1
Cmd: preprocessCompute
  insize=7318 outsize=7320 ok=1
Cmd: preprocessCompute
  insize=7301 outsize=7303 ok=1
Cmd: preprocess
  insize=40430 outsize=620 ok=1
Cmd: preprocessCompute
  insize=7394 outsize=7396 ok=1
Cmd: preprocessCompute
  insize=7349 outsize=7351 ok=1
Cmd: preprocess
  insize=39913 outsize=631 ok=1
Cmd: preprocessCompute
  insize=1978 outsize=1980 ok=1
Cmd: preprocessCompute
  insize=7318 outsize=7320 ok=1
Cmd: preprocessCompute
  insize=7301 outsize=7303 ok=1
Cmd: preprocess
  insize=40430 outsize=620 ok=1
Cmd: preprocessCompute
  insize=7394 outsize=7396 ok=1
Cmd: preprocessCompute
  insize=7349 outsize=7351 ok=1
Cmd: preprocess
  insize=39913 outsize=631 ok=1
Cmd: preprocessCompute
  insize=1978 outsize=1980 ok=1
Cmd: preprocessCompute
  insize=7318 outsize=7320 ok=1
Cmd: preprocessCompute
  insize=7301 outsize=7303 ok=1
Cmd: preprocess
  insize=40430 outsize=620 ok=1
Cmd: preprocessCompute
  insize=7394 outsize=7396 ok=1
Cmd: preprocessCompute
  insize=7349 outsize=7351 ok=1
Cmd: preprocess
  insize=39913 outsize=631 ok=1
Cmd: preprocessCompute
  insize=1978 outsize=1980 ok=1
Cmd: preprocessCompute
  insize=7318 outsize=7320 ok=1
Cmd: preprocessCompute
  insize=7301 outsize=7303 ok=1
Cmd: preprocess
  insize=40430 outsize=620 ok=1
Cmd: preprocessCompute
  insize=8344 outsize=8346 ok=1
Cmd: compileComputeKernel
  api=4 insize=8346 outsize=3111 ok=1
Cmd: preprocessCompute
  insize=7349 outsize=7351 ok=1
Cmd: preprocess
  insize=39913 outsize=631 ok=1
Cmd: preprocessCompute
  insize=1978 outsize=1980 ok=1
Cmd: preprocessCompute
  insize=7318 outsize=7320 ok=1
Cmd: preprocessCompute
  insize=7301 outsize=7303 ok=1
Cmd: preprocess
  insize=40430 outsize=620 ok=1
Cmd: preprocessCompute
  insize=7356 outsize=7358 ok=1
Cmd: compileComputeKernel
  api=4 insize=7358 outsize=2234 ok=1
Cmd: preprocessCompute
  insize=7349 outsize=7351 ok=1
Cmd: preprocess
  insize=39913 outsize=631 ok=1
Cmd: preprocessCompute
  insize=1978 outsize=1980 ok=1
Cmd: preprocessCompute
  insize=7318 outsize=7320 ok=1
Cmd: preprocessCompute
  insize=7301 outsize=7303 ok=1
Cmd: preprocess
  insize=40430 outsize=620 ok=1
Cmd: preprocessCompute
  insize=7356 outsize=7358 ok=1
Cmd: preprocessCompute
  insize=7349 outsize=7351 ok=1
Cmd: preprocess
  insize=39913 outsize=631 ok=1
Cmd: preprocessCompute
  insize=1978 outsize=1980 ok=1
Cmd: preprocessCompute
  insize=7318 outsize=7320 ok=1
Cmd: preprocessCompute
  insize=7301 outsize=7303 ok=1
Cmd: preprocess
  insize=40430 outsize=620 ok=1
Cmd: preprocessCompute
  insize=7356 outsize=7358 ok=1
Cmd: preprocessCompute
  insize=7349 outsize=7351 ok=1
Cmd: preprocess
  insize=39913 outsize=631 ok=1
Cmd: preprocessCompute
  insize=1978 outsize=1980 ok=1
Cmd: preprocessCompute
  insize=7318 outsize=7320 ok=1
Cmd: preprocessCompute
  insize=7301 outsize=7303 ok=1
Cmd: preprocess
  insize=40430 outsize=620 ok=1
Cmd: preprocessCompute
  insize=7356 outsize=7358 ok=1
Cmd: preprocessCompute
  insize=7349 outsize=7351 ok=1
Cmd: preprocess
  insize=39913 outsize=631 ok=1
Cmd: preprocessCompute
  insize=1978 outsize=1980 ok=1
Cmd: preprocessCompute
  insize=7356 outsize=7358 ok=1
Cmd: preprocessCompute
  insize=7349 outsize=7351 ok=1
Cmd: preprocess
  insize=39913 outsize=631 ok=1
Cmd: preprocessCompute
  insize=1978 outsize=1980 ok=1
Cmd: preprocessCompute
  insize=7356 outsize=7358 ok=1
Cmd: preprocessCompute
  insize=7349 outsize=7351 ok=1
Cmd: preprocess
  insize=39913 outsize=631 ok=1
Cmd: preprocessCompute
  insize=1978 outsize=1980 ok=1
Cmd: preprocessCompute
  insize=7356 outsize=7358 ok=1
Cmd: preprocessCompute
  insize=7349 outsize=7351 ok=1
Cmd: preprocess
  insize=39913 outsize=631 ok=1
Cmd: preprocessCompute
  insize=1978 outsize=1980 ok=1
Cmd: preprocessCompute
  insize=7356 outsize=7358 ok=1
Cmd: preprocessCompute
  insize=7349 outsize=7351 ok=1
Cmd: preprocess
  insize=39913 outsize=631 ok=1
Cmd: preprocessCompute
  insize=1978 outsize=1980 ok=1
Cmd: preprocessCompute
  insize=7356 outsize=7358 ok=1
Cmd: preprocessCompute
  insize=7349 outsize=7351 ok=1
Cmd: preprocess
  insize=39913 outsize=631 ok=1
Cmd: preprocessCompute
  insize=1978 outsize=1980 ok=1
Cmd: preprocessCompute
  insize=7178 outsize=7180 ok=1
Cmd: compileComputeKernel
  api=4 insize=7180 outsize=1871 ok=1
Cmd: preprocessCompute
  insize=7235 outsize=7237 ok=1
Cmd: compileComputeKernel
  api=4 insize=7237 outsize=7076 ok=1
Cmd: preprocess
  insize=39913 outsize=631 ok=1
Cmd: preprocessCompute
  insize=1978 outsize=1980 ok=1
Cmd: preprocessCompute
  insize=7178 outsize=7180 ok=1
Cmd: preprocessCompute
  insize=7235 outsize=7237 ok=1
Cmd: preprocess
  insize=39913 outsize=631 ok=1
Cmd: preprocessCompute
  insize=1978 outsize=1980 ok=1
Cmd: preprocessCompute
  insize=7178 outsize=7180 ok=1
Cmd: preprocessCompute
  insize=7235 outsize=7237 ok=1
Cmd: preprocess
  insize=39913 outsize=631 ok=1
Cmd: preprocessCompute
  insize=1978 outsize=1980 ok=1
